#
# There is insufficient memory for the Java Runtime Environment to continue.
# Native memory allocation (malloc) failed to allocate 32744 bytes for ChunkPool::allocate
# Possible reasons:
#   The system is out of physical RAM or swap space
#   The process is running with CompressedOops enabled, and the Java Heap may be blocking the growth of the native heap
# Possible solutions:
#   Reduce memory load on the system
#   Increase physical memory or swap space
#   Check if swap backing store is full
#   Decrease Java heap size (-Xmx/-Xms)
#   Decrease number of Java threads
#   Decrease Java thread stack sizes (-Xss)
#   Set larger code cache with -XX:ReservedCodeCacheSize=
#   JVM is running with Unscaled Compressed Oops mode in which the Java heap is
#     placed in the first 4GB address space. The Java Heap base address is the
#     maximum limit for the native heap growth. Please use -XX:HeapBaseMinAddress
#     to set the Java Heap base and to place the Java Heap above 4GB virtual address.
# This output file may be truncated or incomplete.
#
#  Out of Memory Error (allocation.cpp:272), pid=3148, tid=0x00000000000011c8
#
# JRE version: OpenJDK Runtime Environment (8.0_242-b01) (build 1.8.0_242-release-1644-b01)
# Java VM: OpenJDK 64-Bit Server VM (25.242-b01 mixed mode windows-amd64 compressed oops)
# Failed to write core dump. Minidumps are not enabled by default on client versions of Windows
#

---------------  T H R E A D  ---------------

Current thread (0x000000001749b800):  JavaThread "C2 CompilerThread1" daemon [_thread_in_native, id=4552, stack(0x0000000018be0000,0x0000000018ce0000)]

Stack: [0x0000000018be0000,0x0000000018ce0000]
[error occurred during error reporting (printing stack bounds), id 0xc0000005]

Native frames: (J=compiled Java code, j=interpreted, Vv=VM code, C=native code)


Current CompileTask:
C2: 122046 17466   !   4       com.sun.org.apache.xerces.internal.parsers.AbstractSAXParser::startElement (318 bytes)


---------------  P R O C E S S  ---------------

Java Threads: ( => current thread )
  0x000000001a407000 JavaThread "WorkerExecutor Queue Thread 6" [_thread_blocked, id=15072, stack(0x0000000000af0000,0x0000000000bf0000)]
  0x0000000029c57800 JavaThread "stdout" [_thread_in_native, id=5412, stack(0x000000002d790000,0x000000002d890000)]
  0x0000000029c58800 JavaThread "stderr" [_thread_in_native, id=10888, stack(0x000000002d690000,0x000000002d790000)]
  0x0000000029c5d800 JavaThread "stdout" [_thread_in_native, id=11828, stack(0x000000002d590000,0x000000002d690000)]
  0x0000000029c5e800 JavaThread "stderr" [_thread_in_native, id=5184, stack(0x000000002d490000,0x000000002d590000)]
  0x0000000029c57000 JavaThread "stdout" [_thread_in_native, id=8092, stack(0x000000002d390000,0x000000002d490000)]
  0x0000000029c5c000 JavaThread "stderr" [_thread_in_native, id=11764, stack(0x000000002d290000,0x000000002d390000)]
  0x0000000029c56000 JavaThread "stdout" [_thread_in_native, id=10352, stack(0x000000002d190000,0x000000002d290000)]
  0x0000000029c5d000 JavaThread "stderr" [_thread_in_native, id=13240, stack(0x000000002cbb0000,0x000000002ccb0000)]
  0x000000001a09e000 JavaThread "WorkerExecutor Queue Thread 4" [_thread_blocked, id=9020, stack(0x000000002ce00000,0x000000002cf00000)]
  0x000000001a09c800 JavaThread "pool-2-thread-1" [_thread_blocked, id=5548, stack(0x000000002d090000,0x000000002d190000)]
  0x000000001a09b000 JavaThread "WorkerExecutor Queue" [_thread_blocked, id=5304, stack(0x000000002aa70000,0x000000002ab70000)]
  0x000000001a091800 JavaThread "Cache worker for execution history cache (C:\Users\tima1\AndroidStudioProjects\ToDo\.gradle\6.5\executionHistory)" [_thread_blocked, id=14612, stack(0x000000002c4b0000,0x000000002c5b0000)]
  0x000000001a098800 JavaThread "Execution worker for ':' Thread 3" [_thread_blocked, id=6616, stack(0x000000002c3b0000,0x000000002c4b0000)]
  0x000000001a098000 JavaThread "Execution worker for ':' Thread 2" [_thread_blocked, id=8680, stack(0x000000002c2b0000,0x000000002c3b0000)]
  0x000000001a097000 JavaThread "Execution worker for ':'" [_thread_blocked, id=15240, stack(0x000000002c1b0000,0x000000002c2b0000)]
  0x000000001a093800 JavaThread "Cache worker for file content cache (C:\Users\tima1\AndroidStudioProjects\ToDo\.gradle\6.5\fileContent)" [_thread_blocked, id=14444, stack(0x000000002a970000,0x000000002aa70000)]
  0x000000001a096800 JavaThread "Memory manager" [_thread_blocked, id=9912, stack(0x0000000029660000,0x0000000029760000)]
  0x000000001a094000 JavaThread "Cache worker for Build Output Cleanup Cache (C:\Users\tima1\AndroidStudioProjects\ToDo\.gradle\buildOutputCleanup)" [_thread_blocked, id=10804, stack(0x0000000028660000,0x0000000028760000)]
  0x000000001a406000 JavaThread "Build operations Thread 4" [_thread_in_native, id=2960, stack(0x0000000021160000,0x0000000021260000)]
  0x000000001a409000 JavaThread "Build operations Thread 3" [_thread_blocked, id=13660, stack(0x0000000021060000,0x0000000021160000)]
  0x000000001a40a000 JavaThread "Build operations Thread 2" [_thread_in_native, id=2848, stack(0x0000000020f60000,0x0000000021060000)]
  0x000000001a407800 JavaThread "Build operations" [_thread_in_native, id=14592, stack(0x0000000020e60000,0x0000000020f60000)]
  0x000000001a915000 JavaThread "Cache worker for file content cache (C:\Users\tima1\AndroidStudioProjects\SearchApp\gradle\caches\6.5\fileContent)" [_thread_blocked, id=10528, stack(0x000000001f790000,0x000000001f890000)]
  0x000000001a913000 JavaThread "Cache worker for execution history cache (C:\Users\tima1\AndroidStudioProjects\SearchApp\gradle\caches\6.5\executionHistory)" [_thread_blocked, id=3040, stack(0x000000001ef90000,0x000000001f090000)]
  0x000000001a911800 JavaThread "Cache worker for cache directory md-rule (C:\Users\tima1\AndroidStudioProjects\SearchApp\gradle\caches\6.5\md-rule)" [_thread_blocked, id=14812, stack(0x000000001ee90000,0x000000001ef90000)]
  0x000000001a90f000 JavaThread "Cache worker for cache directory md-supplier (C:\Users\tima1\AndroidStudioProjects\SearchApp\gradle\caches\6.5\md-supplier)" [_thread_blocked, id=13420, stack(0x000000001ed90000,0x000000001ee90000)]
  0x000000001a910000 JavaThread "Cache worker for checksums cache (C:\Users\tima1\AndroidStudioProjects\ToDo\.gradle\checksums)" [_thread_blocked, id=14056, stack(0x000000001e7e0000,0x000000001e8e0000)]
  0x000000001a912000 JavaThread "Cache worker for file hash cache (C:\Users\tima1\AndroidStudioProjects\ToDo\.gradle\6.5\fileHashes)" [_thread_blocked, id=8708, stack(0x000000001e6e0000,0x000000001e7e0000)]
  0x000000001a90e800 JavaThread "Cache worker for file hash cache (C:\Users\tima1\AndroidStudioProjects\SearchApp\gradle\caches\6.5\fileHashes)" [_thread_blocked, id=600, stack(0x000000001d410000,0x000000001d510000)]
  0x000000001a910800 JavaThread "File lock request listener" [_thread_in_native, id=13328, stack(0x000000001d310000,0x000000001d410000)]
  0x000000001a00d800 JavaThread "Cache worker for journal cache (C:\Users\tima1\AndroidStudioProjects\SearchApp\gradle\caches\journal-1)" [_thread_blocked, id=6568, stack(0x000000001d210000,0x000000001d310000)]
  0x000000001a45a800 JavaThread "Thread-9" [_thread_blocked, id=5952, stack(0x000000001cf10000,0x000000001d010000)]
  0x000000001a455000 JavaThread "Asynchronous log dispatcher for DefaultDaemonConnection: socket connection from /127.0.0.1:57945 to /127.0.0.1:57946" [_thread_blocked, id=8660, stack(0x000000001cd10000,0x000000001ce10000)]
  0x0000000019672000 JavaThread "Daemon worker" [_thread_blocked, id=12660, stack(0x000000001cc10000,0x000000001cd10000)]
  0x000000001a80e000 JavaThread "Cancel handler" [_thread_blocked, id=8292, stack(0x000000001cb10000,0x000000001cc10000)]
  0x0000000019bd8000 JavaThread "Handler for socket connection from /127.0.0.1:57945 to /127.0.0.1:57946" [_thread_in_native, id=13920, stack(0x000000001ca10000,0x000000001cb10000)]
  0x0000000019a3e800 JavaThread "Daemon" [_thread_blocked, id=14836, stack(0x000000001c910000,0x000000001ca10000)]
  0x00000000194b7000 JavaThread "Daemon periodic checks" [_thread_blocked, id=7856, stack(0x000000001c610000,0x000000001c710000)]
  0x00000000194b2800 JavaThread "Incoming local TCP Connector on port 57945" [_thread_in_native, id=9256, stack(0x000000001c3c0000,0x000000001c4c0000)]
  0x000000001adf3800 JavaThread "Daemon health stats" [_thread_blocked, id=12616, stack(0x000000001bd80000,0x000000001be80000)]
  0x00000000174ee800 JavaThread "Service Thread" daemon [_thread_blocked, id=10588, stack(0x00000000191e0000,0x00000000192e0000)]
  0x00000000174a3800 JavaThread "C1 CompilerThread2" daemon [_thread_blocked, id=3660, stack(0x0000000018ce0000,0x0000000018de0000)]
=>0x000000001749b800 JavaThread "C2 CompilerThread1" daemon [_thread_in_native, id=4552, stack(0x0000000018be0000,0x0000000018ce0000)]
  0x0000000017499800 JavaThread "C2 CompilerThread0" daemon [_thread_blocked, id=6328, stack(0x0000000018ae0000,0x0000000018be0000)]
  0x0000000017497000 JavaThread "Attach Listener" daemon [_thread_blocked, id=7364, stack(0x00000000189e0000,0x0000000018ae0000)]
  0x0000000017494800 JavaThread "Signal Dispatcher" daemon [_thread_blocked, id=11536, stack(0x00000000188e0000,0x00000000189e0000)]
  0x000000000277d800 JavaThread "Finalizer" daemon [_thread_blocked, id=7860, stack(0x00000000186e0000,0x00000000187e0000)]
  0x0000000017479800 JavaThread "Reference Handler" daemon [_thread_blocked, id=13744, stack(0x00000000185e0000,0x00000000186e0000)]
  0x000000000286d800 JavaThread "main" [_thread_blocked, id=11388, stack(0x0000000002500000,0x0000000002600000)]

Other Threads:
  0x0000000017456000 VMThread [stack: 0x00000000184e0000,0x00000000185e0000] [id=11896]
  0x0000000018e08800 WatcherThread [stack: 0x00000000192e0000,0x00000000193e0000] [id=10872]

VM state:not at safepoint (normal execution)

VM Mutex/Monitor currently owned by a thread: None

heap address: 0x0000000080000000, size: 2048 MB, Compressed Oops mode: 32-bit
Narrow klass base: 0x0000000000000000, Narrow klass shift: 3
Compressed class space size: 1073741824 Address: 0x0000000100000000

Heap:
 PSYoungGen      total 662016K, used 499310K [0x00000000d5580000, 0x0000000100000000, 0x0000000100000000)
  eden space 630272K, 78% used [0x00000000d5580000,0x00000000f37e8bc8,0x00000000fbd00000)
  from space 31744K, 16% used [0x00000000fbd00000,0x00000000fc233008,0x00000000fdc00000)
  to   space 30720K, 0% used [0x00000000fe200000,0x00000000fe200000,0x0000000100000000)
 ParOldGen       total 222720K, used 167922K [0x0000000080000000, 0x000000008d980000, 0x00000000d5580000)
  object space 222720K, 75% used [0x0000000080000000,0x000000008a3fcbf8,0x000000008d980000)
 Metaspace       used 86237K, capacity 90698K, committed 92568K, reserved 1128448K
  class space    used 11462K, capacity 12308K, committed 12720K, reserved 1048576K

Card table byte_map: [0x0000000011c30000,0x0000000012040000] byte_map_base: 0x0000000011830000

Marking Bits: (ParMarkBitMap*) 0x000000006e73f030
 Begin Bits: [0x00000000126f0000, 0x00000000146f0000)
 End Bits:   [0x00000000146f0000, 0x00000000166f0000)

Polling page: 0x0000000000c60000

CodeCache: size=245760Kb used=50698Kb max_used=50711Kb free=195062Kb
 bounds [0x0000000002870000, 0x0000000005a30000, 0x0000000011870000]
 total_blobs=15400 nmethods=14545 adapters=765
 compilation: enabled

Compilation events (10 events):
Event: 121.775 Thread 0x0000000017499800 17470       4       java.io.BufferedReader$1::next (5 bytes)
Event: 121.775 Thread 0x0000000017499800 nmethod 17470 0x000000000478c010 code [0x000000000478c140, 0x000000000478c1b8]
Event: 121.775 Thread 0x0000000017499800 17471       4       com.android.ide.common.symbols.SymbolListWithPackageNameWriter::symbol (51 bytes)
Event: 121.778 Thread 0x00000000174a3800 17473       3       org.gradle.api.internal.artifacts.transform.TransformOutputsInternal::validateOutputExists (66 bytes)
Event: 121.780 Thread 0x00000000174a3800 nmethod 17473 0x0000000005a24090 code [0x0000000005a242e0, 0x0000000005a250c8]
Event: 121.805 Thread 0x0000000017499800 nmethod 17471 0x0000000005a28510 code [0x0000000005a286e0, 0x0000000005a29d50]
Event: 121.805 Thread 0x0000000017499800 17474       4       org.gradle.internal.snapshot.VfsRelativePath::hasPrefix (114 bytes)
Event: 121.825 Thread 0x0000000017499800 nmethod 17474 0x0000000005a2af90 code [0x0000000005a2b100, 0x0000000005a2bbd8]
Event: 121.825 Thread 0x0000000017499800 17472       4       java.util.Spliterators$1Adapter::next (32 bytes)
Event: 121.825 Thread 0x0000000017499800 nmethod 17472 0x00000000047cb5d0 code [0x00000000047cb700, 0x00000000047cb798]

GC Heap History (10 events):
Event: 93.670 GC heap before
{Heap before GC invocations=45 (full 4):
 PSYoungGen      total 552448K, used 520008K [0x00000000d5580000, 0x00000000f9b00000, 0x0000000100000000)
  eden space 515584K, 100% used [0x00000000d5580000,0x00000000f4d00000,0x00000000f4d00000)
  from space 36864K, 12% used [0x00000000f7700000,0x00000000f7b521a0,0x00000000f9b00000)
  to   space 39936K, 0% used [0x00000000f4d00000,0x00000000f4d00000,0x00000000f7400000)
 ParOldGen       total 222720K, used 148197K [0x0000000080000000, 0x000000008d980000, 0x00000000d5580000)
  object space 222720K, 66% used [0x0000000080000000,0x00000000890b9580,0x000000008d980000)
 Metaspace       used 85197K, capacity 89498K, committed 91672K, reserved 1128448K
  class space    used 11379K, capacity 12136K, committed 12592K, reserved 1048576K
Event: 93.735 GC heap after
Heap after GC invocations=45 (full 4):
 PSYoungGen      total 555520K, used 9056K [0x00000000d5580000, 0x00000000fd980000, 0x0000000100000000)
  eden space 515584K, 0% used [0x00000000d5580000,0x00000000d5580000,0x00000000f4d00000)
  from space 39936K, 22% used [0x00000000f4d00000,0x00000000f55d8260,0x00000000f7400000)
  to   space 37376K, 0% used [0x00000000fb500000,0x00000000fb500000,0x00000000fd980000)
 ParOldGen       total 222720K, used 150664K [0x0000000080000000, 0x000000008d980000, 0x00000000d5580000)
  object space 222720K, 67% used [0x0000000080000000,0x00000000893223e0,0x000000008d980000)
 Metaspace       used 85197K, capacity 89498K, committed 91672K, reserved 1128448K
  class space    used 11379K, capacity 12136K, committed 12592K, reserved 1048576K
}
Event: 96.088 GC heap before
{Heap before GC invocations=46 (full 4):
 PSYoungGen      total 555520K, used 523846K [0x00000000d5580000, 0x00000000fd980000, 0x0000000100000000)
  eden space 515584K, 99% used [0x00000000d5580000,0x00000000f4c39830,0x00000000f4d00000)
  from space 39936K, 22% used [0x00000000f4d00000,0x00000000f55d8260,0x00000000f7400000)
  to   space 37376K, 0% used [0x00000000fb500000,0x00000000fb500000,0x00000000fd980000)
 ParOldGen       total 222720K, used 150664K [0x0000000080000000, 0x000000008d980000, 0x00000000d5580000)
  object space 222720K, 67% used [0x0000000080000000,0x00000000893223e0,0x000000008d980000)
 Metaspace       used 85224K, capacity 89498K, committed 91672K, reserved 1128448K
  class space    used 11379K, capacity 12136K, committed 12592K, reserved 1048576K
Event: 96.127 GC heap after
Heap after GC invocations=46 (full 4):
 PSYoungGen      total 614912K, used 12751K [0x00000000d5580000, 0x00000000fd400000, 0x0000000100000000)
  eden space 583168K, 0% used [0x00000000d5580000,0x00000000d5580000,0x00000000f8f00000)
  from space 31744K, 40% used [0x00000000fb500000,0x00000000fc173f00,0x00000000fd400000)
  to   space 35328K, 0% used [0x00000000f8f00000,0x00000000f8f00000,0x00000000fb180000)
 ParOldGen       total 222720K, used 152911K [0x0000000080000000, 0x000000008d980000, 0x00000000d5580000)
  object space 222720K, 68% used [0x0000000080000000,0x0000000089553d90,0x000000008d980000)
 Metaspace       used 85224K, capacity 89498K, committed 91672K, reserved 1128448K
  class space    used 11379K, capacity 12136K, committed 12592K, reserved 1048576K
}
Event: 98.779 GC heap before
{Heap before GC invocations=47 (full 4):
 PSYoungGen      total 614912K, used 595919K [0x00000000d5580000, 0x00000000fd400000, 0x0000000100000000)
  eden space 583168K, 100% used [0x00000000d5580000,0x00000000f8f00000,0x00000000f8f00000)
  from space 31744K, 40% used [0x00000000fb500000,0x00000000fc173f00,0x00000000fd400000)
  to   space 35328K, 0% used [0x00000000f8f00000,0x00000000f8f00000,0x00000000fb180000)
 ParOldGen       total 222720K, used 152911K [0x0000000080000000, 0x000000008d980000, 0x00000000d5580000)
  object space 222720K, 68% used [0x0000000080000000,0x0000000089553d90,0x000000008d980000)
 Metaspace       used 85240K, capacity 89498K, committed 91672K, reserved 1128448K
  class space    used 11379K, capacity 12136K, committed 12592K, reserved 1048576K
Event: 98.817 GC heap after
Heap after GC invocations=47 (full 4):
 PSYoungGen      total 618496K, used 11072K [0x00000000d5580000, 0x00000000fff80000, 0x0000000100000000)
  eden space 583168K, 0% used [0x00000000d5580000,0x00000000d5580000,0x00000000f8f00000)
  from space 35328K, 31% used [0x00000000f8f00000,0x00000000f99d0348,0x00000000fb180000)
  to   space 33280K, 0% used [0x00000000fdf00000,0x00000000fdf00000,0x00000000fff80000)
 ParOldGen       total 222720K, used 158092K [0x0000000080000000, 0x000000008d980000, 0x00000000d5580000)
  object space 222720K, 70% used [0x0000000080000000,0x0000000089a631b0,0x000000008d980000)
 Metaspace       used 85240K, capacity 89498K, committed 91672K, reserved 1128448K
  class space    used 11379K, capacity 12136K, committed 12592K, reserved 1048576K
}
Event: 103.135 GC heap before
{Heap before GC invocations=48 (full 4):
 PSYoungGen      total 618496K, used 594240K [0x00000000d5580000, 0x00000000fff80000, 0x0000000100000000)
  eden space 583168K, 100% used [0x00000000d5580000,0x00000000f8f00000,0x00000000f8f00000)
  from space 35328K, 31% used [0x00000000f8f00000,0x00000000f99d0348,0x00000000fb180000)
  to   space 33280K, 0% used [0x00000000fdf00000,0x00000000fdf00000,0x00000000fff80000)
 ParOldGen       total 222720K, used 158092K [0x0000000080000000, 0x000000008d980000, 0x00000000d5580000)
  object space 222720K, 70% used [0x0000000080000000,0x0000000089a631b0,0x000000008d980000)
 Metaspace       used 85257K, capacity 89574K, committed 91672K, reserved 1128448K
  class space    used 11381K, capacity 12138K, committed 12592K, reserved 1048576K
Event: 103.166 GC heap after
Heap after GC invocations=48 (full 4):
 PSYoungGen      total 658944K, used 4960K [0x00000000d5580000, 0x00000000ffb00000, 0x0000000100000000)
  eden space 630272K, 0% used [0x00000000d5580000,0x00000000d5580000,0x00000000fbd00000)
  from space 28672K, 17% used [0x00000000fdf00000,0x00000000fe3d8010,0x00000000ffb00000)
  to   space 31744K, 0% used [0x00000000fbd00000,0x00000000fbd00000,0x00000000fdc00000)
 ParOldGen       total 222720K, used 165406K [0x0000000080000000, 0x000000008d980000, 0x00000000d5580000)
  object space 222720K, 74% used [0x0000000080000000,0x000000008a187a20,0x000000008d980000)
 Metaspace       used 85257K, capacity 89574K, committed 91672K, reserved 1128448K
  class space    used 11381K, capacity 12138K, committed 12592K, reserved 1048576K
}
Event: 106.579 GC heap before
{Heap before GC invocations=49 (full 4):
 PSYoungGen      total 658944K, used 635232K [0x00000000d5580000, 0x00000000ffb00000, 0x0000000100000000)
  eden space 630272K, 100% used [0x00000000d5580000,0x00000000fbd00000,0x00000000fbd00000)
  from space 28672K, 17% used [0x00000000fdf00000,0x00000000fe3d8010,0x00000000ffb00000)
  to   space 31744K, 0% used [0x00000000fbd00000,0x00000000fbd00000,0x00000000fdc00000)
 ParOldGen       total 222720K, used 165406K [0x0000000080000000, 0x000000008d980000, 0x00000000d5580000)
  object space 222720K, 74% used [0x0000000080000000,0x000000008a187a20,0x000000008d980000)
 Metaspace       used 85304K, capacity 89574K, committed 91672K, reserved 1128448K
  class space    used 11382K, capacity 12138K, committed 12592K, reserved 1048576K
Event: 106.609 GC heap after
Heap after GC invocations=49 (full 4):
 PSYoungGen      total 662016K, used 5324K [0x00000000d5580000, 0x0000000100000000, 0x0000000100000000)
  eden space 630272K, 0% used [0x00000000d5580000,0x00000000d5580000,0x00000000fbd00000)
  from space 31744K, 16% used [0x00000000fbd00000,0x00000000fc233008,0x00000000fdc00000)
  to   space 30720K, 0% used [0x00000000fe200000,0x00000000fe200000,0x0000000100000000)
 ParOldGen       total 222720K, used 167922K [0x0000000080000000, 0x000000008d980000, 0x00000000d5580000)
  object space 222720K, 75% used [0x0000000080000000,0x000000008a3fcbf8,0x000000008d980000)
 Metaspace       used 85304K, capacity 89574K, committed 91672K, reserved 1128448K
  class space    used 11382K, capacity 12138K, committed 12592K, reserved 1048576K
}

Deoptimization events (10 events):
Event: 107.169 Thread 0x000000001a406000 Uncommon trap: reason=class_check action=maybe_recompile pc=0x0000000003fddbbc method=com.sun.org.apache.xerces.internal.parsers.AbstractSAXParser.endNamespaceMapping()V @ 35
Event: 107.259 Thread 0x000000001a406000 Uncommon trap: reason=class_check action=maybe_recompile pc=0x000000000405333c method=com.sun.org.apache.xerces.internal.impl.XMLDocumentFragmentScannerImpl.setProperty(Ljava/lang/String;Ljava/lang/Object;)V @ 73
Event: 107.260 Thread 0x000000001a406000 Uncommon trap: reason=class_check action=maybe_recompile pc=0x0000000003f663d0 method=com.sun.org.apache.xerces.internal.impl.XMLEntityManager.setProperty(Ljava/lang/String;Ljava/lang/Object;)V @ 102
Event: 107.260 Thread 0x000000001a406000 Uncommon trap: reason=class_check action=maybe_recompile pc=0x0000000003fd2558 method=com.sun.org.apache.xerces.internal.parsers.AbstractSAXParser.startNamespaceMapping()V @ 65
Event: 107.260 Thread 0x000000001a406000 Uncommon trap: reason=class_check action=maybe_recompile pc=0x0000000003fddbbc method=com.sun.org.apache.xerces.internal.parsers.AbstractSAXParser.endNamespaceMapping()V @ 35
Event: 107.262 Thread 0x000000001a40a000 Uncommon trap: reason=class_check action=maybe_recompile pc=0x0000000003fd319c method=com.sun.org.apache.xerces.internal.parsers.AbstractSAXParser.startNamespaceMapping()V @ 65
Event: 107.823 Thread 0x000000001a40c800 Uncommon trap: reason=unstable_if action=reinterpret pc=0x000000000314b370 method=java.util.Arrays.hashCode([Ljava/lang/Object;)I @ 1
Event: 108.633 Thread 0x000000001a09b000 Uncommon trap: reason=unstable_if action=reinterpret pc=0x00000000052c04d8 method=com.android.tools.r8.graph.Q0.definitionFor(Lcom/android/tools/r8/graph/j0;)Lcom/android/tools/r8/graph/C; @ 124
Event: 108.633 Thread 0x000000001a09b000 Uncommon trap: reason=unstable_if action=reinterpret pc=0x000000000493b6d8 method=com.android.tools.r8.graph.Q0.definitionFor(Lcom/android/tools/r8/graph/j0;)Lcom/android/tools/r8/graph/C; @ 124
Event: 108.633 Thread 0x000000001a09b000 Uncommon trap: reason=unstable_if action=reinterpret pc=0x00000000052bfa54 method=com.android.tools.r8.graph.Q0.definitionFor(Lcom/android/tools/r8/graph/j0;)Lcom/android/tools/r8/graph/C; @ 124

Classes redefined (0 events):
No events

Internal exceptions (10 events):
Event: 106.854 Thread 0x000000001a407800 Exception <a 'sun/nio/fs/WindowsException'> (0x00000000d8eb10f0) thrown at [C:\src\AOSP-openjdk-git\hotspot\src\share\vm\prims\jni.cpp, line 710]
Event: 106.980 Thread 0x000000001a098800 Exception <a 'java/lang/NoSuchMethodError': <clinit>> (0x00000000d94cde80) thrown at [C:\src\AOSP-openjdk-git\hotspot\src\share\vm\prims\jni.cpp, line 1615]
Event: 107.057 Thread 0x000000001a097000 Exception <a 'java/lang/NoSuchMethodError': <clinit>> (0x00000000d918cd70) thrown at [C:\src\AOSP-openjdk-git\hotspot\src\share\vm\prims\jni.cpp, line 1615]
Event: 107.057 Thread 0x000000001a097000 Exception <a 'java/lang/NoSuchMethodError': <clinit>> (0x00000000d918e6e8) thrown at [C:\src\AOSP-openjdk-git\hotspot\src\share\vm\prims\jni.cpp, line 1615]
Event: 107.058 Thread 0x000000001a097000 Exception <a 'java/lang/NoSuchMethodError': <clinit>> (0x00000000d9194820) thrown at [C:\src\AOSP-openjdk-git\hotspot\src\share\vm\prims\jni.cpp, line 1615]
Event: 107.059 Thread 0x000000001a097000 Exception <a 'java/lang/NoSuchMethodError': <clinit>> (0x00000000d91a95b8) thrown at [C:\src\AOSP-openjdk-git\hotspot\src\share\vm\prims\jni.cpp, line 1615]
Event: 107.059 Thread 0x000000001a097000 Exception <a 'java/lang/NoSuchMethodError': <clinit>> (0x00000000d91aa8d8) thrown at [C:\src\AOSP-openjdk-git\hotspot\src\share\vm\prims\jni.cpp, line 1615]
Event: 107.248 Thread 0x000000001a09b000 Exception <a 'sun/nio/fs/WindowsException'> (0x00000000dac1e3c0) thrown at [C:\src\AOSP-openjdk-git\hotspot\src\share\vm\prims\jni.cpp, line 710]
Event: 107.823 Thread 0x000000001a40c800 Implicit null exception at 0x000000000314b26f to 0x000000000314b361
Event: 111.309 Thread 0x000000001a40c800 Exception <a 'sun/nio/fs/WindowsException'> (0x00000000f191cae8) thrown at [C:\src\AOSP-openjdk-git\hotspot\src\share\vm\prims\jni.cpp, line 710]

Events (10 events):
Event: 119.766 Thread 0x000000001a40a000 DEOPT PACKING pc=0x00000000040ebbbc sp=0x000000002105b7e0
Event: 119.766 Thread 0x000000001a40a000 DEOPT UNPACKING pc=0x00000000028b75d0 sp=0x000000002105b698 mode 0
Event: 120.277 loading class com/android/ide/common/symbols/SymbolListVisitor
Event: 120.277 loading class com/android/ide/common/symbols/SymbolListVisitor done
Event: 120.319 loading class com/android/ide/common/symbols/SymbolListWithPackageNameWriter
Event: 120.319 loading class com/android/ide/common/symbols/SymbolListWithPackageNameWriter done
Event: 120.340 loading class java/io/BufferedReader$1
Event: 120.956 loading class java/io/BufferedReader$1 done
Event: 120.956 loading class com/android/ide/common/symbols/SymbolUtils
Event: 120.956 loading class com/android/ide/common/symbols/SymbolUtils done


Dynamic libraries:
0x00007ff79ae80000 - 0x00007ff79aeb1000 	C:\Program Files\Android\Android Studio\jre\bin\java.exe
0x00007fffc20c0000 - 0x00007fffc22b0000 	C:\WINDOWS\SYSTEM32\ntdll.dll
0x00007fffc0dd0000 - 0x00007fffc0e82000 	C:\WINDOWS\System32\KERNEL32.DLL
0x00007fffbfa80000 - 0x00007fffbfd25000 	C:\WINDOWS\System32\KERNELBASE.dll
0x00007fffc15e0000 - 0x00007fffc1683000 	C:\WINDOWS\System32\ADVAPI32.dll
0x00007fffc1a20000 - 0x00007fffc1abe000 	C:\WINDOWS\System32\msvcrt.dll
0x00007fffc0e90000 - 0x00007fffc0f27000 	C:\WINDOWS\System32\sechost.dll
0x00007fffc1900000 - 0x00007fffc1a20000 	C:\WINDOWS\System32\RPCRT4.dll
0x00007fffc1690000 - 0x00007fffc1825000 	C:\WINDOWS\System32\USER32.dll
0x00007fffbfef0000 - 0x00007fffbff11000 	C:\WINDOWS\System32\win32u.dll
0x00007fffc2050000 - 0x00007fffc2076000 	C:\WINDOWS\System32\GDI32.dll
0x00007fffbfd30000 - 0x00007fffbfec6000 	C:\WINDOWS\System32\gdi32full.dll
0x00007fffc00d0000 - 0x00007fffc016e000 	C:\WINDOWS\System32\msvcp_win.dll
0x00007fffbffd0000 - 0x00007fffc00ca000 	C:\WINDOWS\System32\ucrtbase.dll
0x00007fffaf2d0000 - 0x00007fffaf554000 	C:\WINDOWS\WinSxS\amd64_microsoft.windows.common-controls_6595b64144ccf1df_6.0.18362.1082_none_9e8193e1e45b25c1\COMCTL32.dll
0x00007fffc09f0000 - 0x00007fffc0d25000 	C:\WINDOWS\System32\combase.dll
0x00007fffbf970000 - 0x00007fffbf9f0000 	C:\WINDOWS\System32\bcryptPrimitives.dll
0x00007fffc0fe0000 - 0x00007fffc100e000 	C:\WINDOWS\System32\IMM32.DLL
0x000000006d1f0000 - 0x000000006d2c2000 	C:\Program Files\Android\Android Studio\jre\jre\bin\msvcr100.dll
0x000000006df70000 - 0x000000006e7bb000 	C:\Program Files\Android\Android Studio\jre\jre\bin\server\jvm.dll
0x00007fffc0dc0000 - 0x00007fffc0dc8000 	C:\WINDOWS\System32\PSAPI.DLL
0x00007fffb2450000 - 0x00007fffb245a000 	C:\WINDOWS\SYSTEM32\VERSION.dll
0x00007fffbbc10000 - 0x00007fffbbc34000 	C:\WINDOWS\SYSTEM32\WINMM.dll
0x00007fffb6dc0000 - 0x00007fffb6dc9000 	C:\WINDOWS\SYSTEM32\WSOCK32.dll
0x00007fffc1510000 - 0x00007fffc157f000 	C:\WINDOWS\System32\WS2_32.dll
0x00007fffbbbe0000 - 0x00007fffbbc0d000 	C:\WINDOWS\SYSTEM32\winmmbase.dll
0x00007fffbf7d0000 - 0x00007fffbf81a000 	C:\WINDOWS\System32\cfgmgr32.dll
0x00007fffb6250000 - 0x00007fffb625f000 	C:\Program Files\Android\Android Studio\jre\jre\bin\verify.dll
0x00007fffaa870000 - 0x00007fffaa899000 	C:\Program Files\Android\Android Studio\jre\jre\bin\java.dll
0x00007fffaa850000 - 0x00007fffaa866000 	C:\Program Files\Android\Android Studio\jre\jre\bin\zip.dll
0x00007fffc0250000 - 0x00007fffc0937000 	C:\WINDOWS\System32\SHELL32.dll
0x00007fffc0f30000 - 0x00007fffc0fd9000 	C:\WINDOWS\System32\shcore.dll
0x00007fffbf050000 - 0x00007fffbf7d0000 	C:\WINDOWS\System32\windows.storage.dll
0x00007fffbefd0000 - 0x00007fffbeff3000 	C:\WINDOWS\System32\profapi.dll
0x00007fffbf000000 - 0x00007fffbf04a000 	C:\WINDOWS\System32\powrprof.dll
0x00007fffbef80000 - 0x00007fffbef90000 	C:\WINDOWS\System32\UMPDC.dll
0x00007fffc01f0000 - 0x00007fffc0242000 	C:\WINDOWS\System32\shlwapi.dll
0x00007fffbefb0000 - 0x00007fffbefc1000 	C:\WINDOWS\System32\kernel.appcore.dll
0x00007fffbfed0000 - 0x00007fffbfee7000 	C:\WINDOWS\System32\cryptsp.dll
0x00007fffaa830000 - 0x00007fffaa84a000 	C:\Program Files\Android\Android Studio\jre\jre\bin\net.dll
0x00007fffbe770000 - 0x00007fffbe7d7000 	C:\WINDOWS\system32\mswsock.dll
0x00007fffaa810000 - 0x00007fffaa823000 	C:\Program Files\Android\Android Studio\jre\jre\bin\nio.dll
0x00007fffb49d0000 - 0x00007fffb49f7000 	C:\Users\tima1\AndroidStudioProjects\SearchApp\gradle\native\f6784746aeab05261644944871eae4fe03e0ef1612fff0a4a95f87b438bc6780\windows-amd64\native-platform.dll
0x00007fffb4940000 - 0x00007fffb494d000 	C:\Program Files\Android\Android Studio\jre\jre\bin\management.dll
0x00007fffbe2e0000 - 0x00007fffbe313000 	C:\WINDOWS\system32\rsaenh.dll
0x00007fffbfa50000 - 0x00007fffbfa76000 	C:\WINDOWS\System32\bcrypt.dll
0x00007fffbeea0000 - 0x00007fffbeec5000 	C:\WINDOWS\SYSTEM32\USERENV.dll
0x00007fffbe940000 - 0x00007fffbe94c000 	C:\WINDOWS\SYSTEM32\CRYPTBASE.dll
0x00007fffbe480000 - 0x00007fffbe4ba000 	C:\WINDOWS\SYSTEM32\IPHLPAPI.DLL
0x00007fffc0d30000 - 0x00007fffc0d38000 	C:\WINDOWS\System32\NSI.dll
0x00007fffb7940000 - 0x00007fffb7956000 	C:\WINDOWS\SYSTEM32\dhcpcsvc6.DLL
0x00007fffb7920000 - 0x00007fffb793c000 	C:\WINDOWS\SYSTEM32\dhcpcsvc.DLL
0x00007fffbe4c0000 - 0x00007fffbe58b000 	C:\WINDOWS\SYSTEM32\DNSAPI.dll
0x00007fffb7ac0000 - 0x00007fffb7acb000 	C:\WINDOWS\SYSTEM32\WINNSI.DLL
0x00007fffbd0f0000 - 0x00007fffbd17f000 	C:\WINDOWS\system32\apphelp.dll

VM Arguments:
jvm_args: -Xmx2048m -Dfile.encoding=UTF-8 -Duser.country=RU -Duser.language=ru -Duser.variant 
java_command: org.gradle.launcher.daemon.bootstrap.GradleDaemon 6.5
java_class_path (initial): C:\Users\tima1\AndroidStudioProjects\SearchApp\gradle\wrapper\dists\gradle-6.5-bin\6nifqtx7604sqp1q6g8wikw7p\gradle-6.5\lib\gradle-launcher-6.5.jar
Launcher Type: SUN_STANDARD

Environment Variables:
PATH=C:\Program Files (x86)\Common Files\Oracle\Java\javapath;C:\WINDOWS\system32;C:\WINDOWS;C:\WINDOWS\System32\Wbem;C:\WINDOWS\System32\WindowsPowerShell\v1.0\;C:\WINDOWS\System32\OpenSSH\;C:\Program Files\Git\cmd;C:\Users\tima1\AppData\Local\Microsoft\WindowsApps
USERNAME=tima1
OS=Windows_NT
PROCESSOR_IDENTIFIER=Intel64 Family 6 Model 58 Stepping 9, GenuineIntel



---------------  S Y S T E M  ---------------

OS: Windows 10.0 , 64 bit Build 18362 (10.0.18362.1082)

CPU:total 4 (initial active 4) (2 cores per cpu, 2 threads per core) family 6 model 58 stepping 9, cmov, cx8, fxsr, mmx, sse, sse2, sse3, ssse3, sse4.1, sse4.2, popcnt, avx, aes, clmul, erms, ht, tsc, tscinvbit, tscinv

Memory: 4k page, physical 8164892k(1241244k free), swap 16076824k(540k free)

vm_info: OpenJDK 64-Bit Server VM (25.242-b01) for windows-amd64 JRE (1.8.0_242-release-1644-b01), built by "builder" with MS VC++ 10.0 (VS2010)

time: Fri Apr 02 19:01:23 2021
timezone: Центральная Азия (зима)
elapsed time: 122 seconds (0d 0h 2m 2s)

